<?xml version="1.0" encoding="UTF-8"?>
<testng-results skipped="0" failed="0" total="1" passed="1">
  <reporter-output>
  </reporter-output>
  <suite name="Suite" duration-ms="4965" started-at="2018-02-03T09:26:01Z" finished-at="2018-02-03T09:26:06Z">
    <groups>
    </groups>
    <test name="Test" duration-ms="4965" started-at="2018-02-03T09:26:01Z" finished-at="2018-02-03T09:26:06Z">
      <class name="qsp.Demo">
        <test-method status="PASS" signature="TestA()[pri:0, instance:qsp.Demo@1ef7fe8e]" name="TestA" duration-ms="4940" started-at="2018-02-03T14:56:01Z" finished-at="2018-02-03T14:56:06Z">
          <reporter-output>
          </reporter-output>
        </test-method> <!-- TestA -->
      </class> <!-- qsp.Demo -->
    </test> <!-- Test -->
  </suite> <!-- Suite -->
</testng-results>
